1511963959553	geckodriver	INFO	geckodriver 0.19.1
1511963959561	geckodriver	INFO	Listening on 127.0.0.1:59754
1511963961587	mozrunner::runner	INFO	Running command: "C:\\Program Files\\Mozilla Firefox\\firefox.exe" "-marionette" "-profile" "C:\\Users\\ADMINI~1.KN0\\AppData\\Local\\Temp\\rust_mozprofile.KV99NKVA7wkE"
1511963962534	Marionette	INFO	Enabled via --marionette
1511963964169	Marionette	INFO	Listening on port 59764
1511963964734	Marionette	WARN	TLS certificate errors will be ignored for this session
1511963964776	Marionette	DEBUG	Register listener.js for window 4294967297
1511963964786	Marionette	DEBUG	Received DOM event "beforeunload" for "about:blank"
1511963965393	Marionette	DEBUG	Received DOM event "pagehide" for "about:blank"
1511963965393	Marionette	DEBUG	Received DOM event "unload" for "about:blank"
Unable to read VR Path Registry from C:\Users\Administrator.KN0HC5VWTSLLRB9\AppData\Local\openvr\openvrpaths.vrpath
JavaScript warning: https://b3.hoopchina.com.cn/web/module/dace/1.0.0/dace.js, line 1: unreachable code after return statement
JavaScript error: https://soccer.hupu.com/schedule/England.html, line 227: ReferenceError: GS_googleAddAdSenseService is not defined
JavaScript error: https://soccer.hupu.com/schedule/England.html, line 231: ReferenceError: GA_googleUseIframeRendering is not defined
JavaScript error: https://soccer.hupu.com/schedule/England.html, line 242: ReferenceError: GS_googleAddAdSenseService is not defined
JavaScript error: https://soccer.hupu.com/schedule/England.html, line 246: ReferenceError: GA_googleUseIframeRendering is not defined
JavaScript error: https://soccer.hupu.com/schedule/England.html, line 250: ReferenceError: GA_googleFillSlotWithSize is not defined
JavaScript error: https://soccer.hupu.com/schedule/England.html, line 378: ReferenceError: GA_googleFillSlotWithSize is not defined
1511963966151	Marionette	DEBUG	Received DOM event "DOMContentLoaded" for "https://soccer.hupu.com/schedule/England.html"
JavaScript warning: https://b3.hoopchina.com.cn/web/module/dace/1.0.0/dace.js, line 1: unreachable code after return statement
1511963966482	Marionette	DEBUG	Received DOM event "pageshow" for "https://soccer.hupu.com/schedule/England.html"
1511964032092	geckodriver	INFO	geckodriver 0.19.1
1511964032099	geckodriver	INFO	Listening on 127.0.0.1:60039
1511964034108	mozrunner::runner	INFO	Running command: "C:\\Program Files\\Mozilla Firefox\\firefox.exe" "-marionette" "-profile" "C:\\Users\\ADMINI~1.KN0\\AppData\\Local\\Temp\\rust_mozprofile.JGdvpxnb003Q"
1511964035037	Marionette	INFO	Enabled via --marionette
[GFX1-]: Could not get a DXGI adapter
[GFX1-]: Could not get a DXGI adapter
1511964036295	Marionette	INFO	Listening on port 60048
[GFX1-]: Could not get a DXGI adapter
1511964037245	Marionette	WARN	TLS certificate errors will be ignored for this session
1511964037288	Marionette	DEBUG	Register listener.js for window 4294967297
1511964037298	Marionette	DEBUG	Received DOM event "beforeunload" for "about:blank"
1511964037893	Marionette	DEBUG	Received DOM event "pagehide" for "about:blank"
1511964037893	Marionette	DEBUG	Received DOM event "unload" for "about:blank"
Unable to read VR Path Registry from C:\Users\Administrator.KN0HC5VWTSLLRB9\AppData\Local\openvr\openvrpaths.vrpath
JavaScript warning: https://b3.hoopchina.com.cn/web/module/dace/1.0.0/dace.js, line 1: unreachable code after return statement
JavaScript warning: https://b3.hoopchina.com.cn/web/module/dace/1.0.0/dace.js, line 1: unreachable code after return statement
JavaScript error: https://soccer.hupu.com/schedule/England.html, line 227: ReferenceError: GS_googleAddAdSenseService is not defined
JavaScript error: https://soccer.hupu.com/schedule/England.html, line 231: ReferenceError: GA_googleUseIframeRendering is not defined
JavaScript error: https://soccer.hupu.com/schedule/England.html, line 242: ReferenceError: GS_googleAddAdSenseService is not defined
JavaScript error: https://soccer.hupu.com/schedule/England.html, line 246: ReferenceError: GA_googleUseIframeRendering is not defined
JavaScript error: https://soccer.hupu.com/schedule/England.html, line 250: ReferenceError: GA_googleFillSlotWithSize is not defined
JavaScript error: https://soccer.hupu.com/schedule/England.html, line 378: ReferenceError: GA_googleFillSlotWithSize is not defined
1511964038655	Marionette	DEBUG	Received DOM event "DOMContentLoaded" for "https://soccer.hupu.com/schedule/England.html"
1511964038960	Marionette	DEBUG	Received DOM event "pageshow" for "https://soccer.hupu.com/schedule/England.html"
